<?xml version="1.0" encoding="utf-8"?><testsuites name="pytest tests"><testsuite name="pytest" errors="0" failures="0" skipped="0" tests="18" time="2.687" timestamp="2026-05-31T22:15:28.712639+00:00" hostname="agent-env-d5dba29b-5d08-46ec-83e8-fb4f399889f9"><testcase classname="backend.tests.backend_test.TestHealth" name="test_root" time="0.285" /><testcase classname="backend.tests.backend_test.TestAuth" name="test_login_success" time="0.275" /><testcase classname="backend.tests.backend_test.TestAuth" name="test_login_invalid" time="0.272" /><testcase classname="backend.tests.backend_test.TestAuth" name="test_login_unknown_user" time="0.049" /><testcase classname="backend.tests.backend_test.TestAuth" name="test_me_with_token" time="0.334" /><testcase classname="backend.tests.backend_test.TestAuth" name="test_me_no_token" time="0.105" /><testcase classname="backend.tests.backend_test.TestAuth" name="test_me_bad_token" time="0.127" /><testcase classname="backend.tests.backend_test.TestQuoteSubmit" name="test_create_quote_minimal" time="0.058" /><testcase classname="backend.tests.backend_test.TestQuoteSubmit" name="test_create_quote_full" time="0.047" /><testcase classname="backend.tests.backend_test.TestQuoteSubmit" name="test_create_quote_invalid_service" time="0.050" /><testcase classname="backend.tests.backend_test.TestQuoteSubmit" name="test_create_quote_missing_fields" time="0.050" /><testcase classname="backend.tests.backend_test.TestQuoteSubmit" name="test_create_quote_invalid_email" time="0.050" /><testcase classname="backend.tests.backend_test.TestAdminQuotes" name="test_list_requires_auth" time="0.105" /><testcase classname="backend.tests.backend_test.TestAdminQuotes" name="test_list_with_auth" time="0.055" /><testcase classname="backend.tests.backend_test.TestAdminQuotes" name="test_stats_requires_auth" time="0.142" /><testcase classname="backend.tests.backend_test.TestAdminQuotes" name="test_stats_with_auth" time="0.049" /><testcase classname="backend.tests.backend_test.TestAdminQuotes" name="test_full_crud_flow" time="0.358" /><testcase classname="backend.tests.backend_test.TestAdminQuotes" name="test_patch_nonexistent" time="0.049" /></testsuite></testsuites>